Using pre-set license
Built from '2021.3/staging' branch; Version is '2021.3.26f1 (a16dc32e0ff2) revision 10579395'; Using compiler version '192829333'; Build Type 'Release'
OS: 'Windows 11  (10.0.22621) 64bit Core' Language: 'en' Physical Memory: 7913 MB
BatchMode: 1, IsHumanControllingUs: 0, StartBugReporterOnCrash: 0, Is64bit: 1, IsPro: 1

COMMAND LINE ARGUMENTS:
C:\Program Files\Unity\Hub\Editor\2021.3.26f1\Editor\Unity.exe
-adb2
-batchMode
-noUpm
-name
AssetImportWorker2
-projectPath
C:/Users/natet/Documents/GitHub/testProject/Taxi
-logFile
Logs/AssetImportWorker2.log
-srvPort
59112
Successfully changed project path to: C:/Users/natet/Documents/GitHub/testProject/Taxi
C:/Users/natet/Documents/GitHub/testProject/Taxi
[UnityMemory] Configuration Parameters - Can be set up in boot.config
    "memorysetup-bucket-allocator-granularity=16"
    "memorysetup-bucket-allocator-bucket-count=8"
    "memorysetup-bucket-allocator-block-size=33554432"
    "memorysetup-bucket-allocator-block-count=8"
    "memorysetup-main-allocator-block-size=16777216"
    "memorysetup-thread-allocator-block-size=16777216"
    "memorysetup-gfx-main-allocator-block-size=16777216"
    "memorysetup-gfx-thread-allocator-block-size=16777216"
    "memorysetup-cache-allocator-block-size=4194304"
    "memorysetup-typetree-allocator-block-size=2097152"
    "memorysetup-profiler-bucket-allocator-granularity=16"
    "memorysetup-profiler-bucket-allocator-bucket-count=8"
    "memorysetup-profiler-bucket-allocator-block-size=33554432"
    "memorysetup-profiler-bucket-allocator-block-count=8"
    "memorysetup-profiler-allocator-block-size=16777216"
    "memorysetup-profiler-editor-allocator-block-size=1048576"
    "memorysetup-temp-allocator-size-main=16777216"
    "memorysetup-job-temp-allocator-block-size=2097152"
    "memorysetup-job-temp-allocator-block-size-background=1048576"
    "memorysetup-job-temp-allocator-reduction-small-platforms=262144"
    "memorysetup-temp-allocator-size-background-worker=32768"
    "memorysetup-temp-allocator-size-job-worker=262144"
    "memorysetup-temp-allocator-size-preload-manager=33554432"
    "memorysetup-temp-allocator-size-nav-mesh-worker=65536"
    "memorysetup-temp-allocator-size-audio-worker=65536"
    "memorysetup-temp-allocator-size-cloud-worker=32768"
    "memorysetup-temp-allocator-size-gi-baking-worker=262144"
    "memorysetup-temp-allocator-size-gfx=262144"
Player connection [25652] Host "[IP] 172.27.192.1 [Port] 0 [Flags] 2 [Guid] 2779041854 [EditorId] 2779041854 [Version] 1048832 [Id] WindowsEditor(7,LAPTOP-7KT90O4D) [Debug] 1 [PackageName] WindowsEditor [ProjectName] Editor" joined multi-casting on [225.0.0.222:54997]...

Player connection [25652] Host "[IP] 172.27.192.1 [Port] 0 [Flags] 2 [Guid] 2779041854 [EditorId] 2779041854 [Version] 1048832 [Id] WindowsEditor(7,LAPTOP-7KT90O4D) [Debug] 1 [PackageName] WindowsEditor [ProjectName] Editor" joined alternative multi-casting on [225.0.0.222:34997]...

Refreshing native plugins compatible for Editor in 57.26 ms, found 3 plugins.
Preloading 0 native plugins for Editor in 0.00 ms.
Initialize engine version: 2021.3.26f1 (a16dc32e0ff2)
[Subsystems] Discovering subsystems at path C:/Program Files/Unity/Hub/Editor/2021.3.26f1/Editor/Data/Resources/UnitySubsystems
[Subsystems] Discovering subsystems at path C:/Users/natet/Documents/GitHub/testProject/Taxi/Assets
GfxDevice: creating device client; threaded=0; jobified=0
Direct3D:
    Version:  Direct3D 11.0 [level 11.1]
    Renderer: NVIDIA GeForce RTX 3050 Laptop GPU (ID=0x25a5)
    Vendor:   NVIDIA
    VRAM:     3991 MB
    Driver:   31.0.15.2225
Initialize mono
Mono path[0] = 'C:/Program Files/Unity/Hub/Editor/2021.3.26f1/Editor/Data/Managed'
Mono path[1] = 'C:/Program Files/Unity/Hub/Editor/2021.3.26f1/Editor/Data/MonoBleedingEdge/lib/mono/unityjit-win32'
Mono config path = 'C:/Program Files/Unity/Hub/Editor/2021.3.26f1/Editor/Data/MonoBleedingEdge/etc'
Using monoOptions --debugger-agent=transport=dt_socket,embedding=1,server=y,suspend=n,address=127.0.0.1:56020
Begin MonoManager ReloadAssembly
Registering precompiled unity dll's ...
Register platform support module: C:/Program Files/Unity/Hub/Editor/2021.3.26f1/Editor/Data/PlaybackEngines/WindowsStandaloneSupport/UnityEditor.WindowsStandalone.Extensions.dll
Registered in 0.011509 seconds.
Native extension for WindowsStandalone target not found
Refreshing native plugins compatible for Editor in 61.89 ms, found 3 plugins.
Preloading 0 native plugins for Editor in 0.00 ms.
Mono: successfully reloaded assembly
- Completed reload, in  0.666 seconds
Domain Reload Profiling:
	ReloadAssembly (667ms)
		BeginReloadAssembly (107ms)
			ExecutionOrderSort (0ms)
			DisableScriptedObjects (0ms)
			BackupInstance (0ms)
			ReleaseScriptingObjects (0ms)
			CreateAndSetChildDomain (1ms)
		EndReloadAssembly (443ms)
			LoadAssemblies (105ms)
			RebuildTransferFunctionScriptingTraits (0ms)
			SetupTypeCache (121ms)
			ReleaseScriptCaches (0ms)
			RebuildScriptCaches (30ms)
			SetupLoadedEditorAssemblies (237ms)
				LogAssemblyErrors (0ms)
				InitializePlatformSupportModulesInManaged (8ms)
				SetLoadedEditorAssemblies (0ms)
				RefreshPlugins (62ms)
				BeforeProcessingInitializeOnLoad (1ms)
				ProcessInitializeOnLoadAttributes (124ms)
				ProcessInitializeOnLoadMethodAttributes (42ms)
				AfterProcessingInitializeOnLoad (0ms)
				EditorAssembliesLoaded (0ms)
			ExecutionOrderSort2 (0ms)
			AwakeInstancesAfterBackupRestoration (0ms)
Platform modules already initialized, skipping
Registering precompiled user dll's ...
Registered in 0.006432 seconds.
Begin MonoManager ReloadAssembly
Symbol file LoadedFromMemory doesn't match image C:\Users\natet\Documents\GitHub\testProject\Taxi\Library\PackageCache\com.unity.visualscripting@1.8.0\Editor\VisualScripting.Core\Dependencies\YamlDotNet\Unity.VisualScripting.YamlDotNet.dll
Symbol file LoadedFromMemory doesn't match image C:\Users\natet\Documents\GitHub\testProject\Taxi\Library\PackageCache\com.unity.visualscripting@1.8.0\Editor\VisualScripting.Core\Dependencies\DotNetZip\Unity.VisualScripting.IonicZip.dll
Native extension for WindowsStandalone target not found
Refreshing native plugins compatible for Editor in 0.64 ms, found 3 plugins.
Preloading 0 native plugins for Editor in 0.00 ms.
Mono: successfully reloaded assembly
- Completed reload, in  1.594 seconds
Domain Reload Profiling:
	ReloadAssembly (1595ms)
		BeginReloadAssembly (278ms)
			ExecutionOrderSort (0ms)
			DisableScriptedObjects (5ms)
			BackupInstance (0ms)
			ReleaseScriptingObjects (0ms)
			CreateAndSetChildDomain (50ms)
		EndReloadAssembly (1053ms)
			LoadAssemblies (276ms)
			RebuildTransferFunctionScriptingTraits (0ms)
			SetupTypeCache (491ms)
			ReleaseScriptCaches (1ms)
			RebuildScriptCaches (48ms)
			SetupLoadedEditorAssemblies (318ms)
				LogAssemblyErrors (0ms)
				InitializePlatformSupportModulesInManaged (5ms)
				SetLoadedEditorAssemblies (0ms)
				RefreshPlugins (1ms)
				BeforeProcessingInitializeOnLoad (71ms)
				ProcessInitializeOnLoadAttributes (211ms)
				ProcessInitializeOnLoadMethodAttributes (20ms)
				AfterProcessingInitializeOnLoad (10ms)
				EditorAssembliesLoaded (0ms)
			ExecutionOrderSort2 (0ms)
			AwakeInstancesAfterBackupRestoration (8ms)
Platform modules already initialized, skipping
========================================================================
Worker process is ready to serve import requests
Launched and connected shader compiler UnityShaderCompiler.exe after 0.15 seconds
Refreshing native plugins compatible for Editor in 2.54 ms, found 3 plugins.
Preloading 0 native plugins for Editor in 0.00 ms.
Unloading 3053 Unused Serialized files (Serialized files now loaded: 0)
Unloading 22 unused Assets / (56.1 KB). Loaded Objects now: 3517.
Memory consumption went from 107.9 MB to 107.9 MB.
Total: 5.386300 ms (FindLiveObjects: 0.712900 ms CreateObjectMapping: 0.131800 ms MarkObjects: 4.234800 ms  DeleteObjects: 0.302200 ms)

AssetImportParameters requested are different than current active one (requested -> active):
  custom:video-decoder-ogg-theora: a1e56fd34408186e4bbccfd4996cb3dc -> 
  custom:container-muxer-webm: aa71ff27fc2769a1b78a27578f13a17b -> 
  custom:container-demuxer-webm: 4f35f7cbe854078d1ac9338744f61a02 -> 
  custom:video-encoder-webm-vp8: eb34c28f22e8b96e1ab97ce403110664 -> 
  custom:video-codec-MediaFoundation-h265: 746d11721c4dcdbdad8f713fa42b33f4 -> 
  custom:audio-encoder-webm-vorbis: bf7c407c2cedff20999df2af8eb42d56 -> 
  custom:framework-win-MediaFoundation: 216162199b28c13a410421893ffa2e32 -> 
  custom:container-demuxer-ogg: 62fdf1f143b41e24485cea50d1cbac27 -> 
  custom:video-decoder-webm-vp8: 9c59270c3fd7afecdb556c50c9e8de78 -> 
  custom:audio-decoder-ogg-vorbis: bf7c407c2cedff20999df2af8eb42d56 -> 
========================================================================
Received Import Request.
  Time since last request: 303905.382610 seconds.
  path: Assets/Models
  artifactKey: Guid(c6bcce615f96c9447ad8e8628b13d5dd) Importer(815301076,1909f56bfc062723c751e8b465ee728b)
Start importing Assets/Models using Guid(c6bcce615f96c9447ad8e8628b13d5dd) Importer(815301076,1909f56bfc062723c751e8b465ee728b)  -> (artifact id: '83a743f368e494f5df8ccf7cd28e2169') in 0.028703 seconds 
========================================================================
Received Import Request.
  Time since last request: 0.000080 seconds.
  path: Assets/Models/bollard.fbx
  artifactKey: Guid(e9a9b10847370924b8e6960d9c1d6fb1) Importer(815301076,1909f56bfc062723c751e8b465ee728b)
Start importing Assets/Models/bollard.fbx using Guid(e9a9b10847370924b8e6960d9c1d6fb1) Importer(815301076,1909f56bfc062723c751e8b465ee728b)  -> (artifact id: 'b86b14e82a11296b9f44a40b80ceb3e3') in 0.312249 seconds 
========================================================================
Received Import Request.
  Time since last request: 0.000074 seconds.
  path: Assets/Models/parkingSpace.fbx
  artifactKey: Guid(1aba5355dd891224da42afd2c2834da6) Importer(815301076,1909f56bfc062723c751e8b465ee728b)
Start importing Assets/Models/parkingSpace.fbx using Guid(1aba5355dd891224da42afd2c2834da6) Importer(815301076,1909f56bfc062723c751e8b465ee728b)  -> (artifact id: '469b48cf2e703167a0eb6735aa868570') in 0.036513 seconds 
========================================================================
Received Import Request.
  Time since last request: 0.000088 seconds.
  path: Assets/Models/overpassStraight.fbx
  artifactKey: Guid(513ed3549beb67546a6c4fb941274617) Importer(815301076,1909f56bfc062723c751e8b465ee728b)
Start importing Assets/Models/overpassStraight.fbx using Guid(513ed3549beb67546a6c4fb941274617) Importer(815301076,1909f56bfc062723c751e8b465ee728b)  -> (artifact id: '8e6390441d9c3063fc8bfeaa4108f08b') in 0.076242 seconds 
========================================================================
Received Import Request.
  Time since last request: 0.000029 seconds.
  path: Assets/Models/taxiCar.fbx
  artifactKey: Guid(46ace62ba699eae47beeaafec7a31f86) Importer(815301076,1909f56bfc062723c751e8b465ee728b)
Start importing Assets/Models/taxiCar.fbx using Guid(46ace62ba699eae47beeaafec7a31f86) Importer(815301076,1909f56bfc062723c751e8b465ee728b)  -> (artifact id: '2ce8bc3ec63a493011a5dc5fd79273f8') in 0.220270 seconds 
========================================================================
Received Import Request.
  Time since last request: 0.000042 seconds.
  path: Assets/Models/zebraCrossing.fbx
  artifactKey: Guid(92cb21cc0dba03d40bb271437ca11ee9) Importer(815301076,1909f56bfc062723c751e8b465ee728b)
Start importing Assets/Models/zebraCrossing.fbx using Guid(92cb21cc0dba03d40bb271437ca11ee9) Importer(815301076,1909f56bfc062723c751e8b465ee728b)  -> (artifact id: '54c100fc74060144e46f06c65f0efe32') in 0.034634 seconds 
========================================================================
Received Import Request.
  Time since last request: 0.000063 seconds.
  path: Assets/Models/overpassCorner.fbx
  artifactKey: Guid(670d96de638dae04bbae110171d9a43f) Importer(815301076,1909f56bfc062723c751e8b465ee728b)
Start importing Assets/Models/overpassCorner.fbx using Guid(670d96de638dae04bbae110171d9a43f) Importer(815301076,1909f56bfc062723c751e8b465ee728b)  -> (artifact id: '101cc3e04921b8c2edb53597da753e80') in 0.057073 seconds 
========================================================================
Received Import Request.
  Time since last request: 0.000106 seconds.
  path: Assets/Models/wheel.fbx
  artifactKey: Guid(162e6fdfa9602684782089e5f37b701d) Importer(815301076,1909f56bfc062723c751e8b465ee728b)
Start importing Assets/Models/wheel.fbx using Guid(162e6fdfa9602684782089e5f37b701d) Importer(815301076,1909f56bfc062723c751e8b465ee728b)  -> (artifact id: '22823cea6dbc203f1db40979c372b572') in 0.049400 seconds 
========================================================================
Received Import Request.
  Time since last request: 6.227879 seconds.
  path: Assets/Textures/Materials
  artifactKey: Guid(3f7d797eafdf98f44876f747bee424e5) Importer(815301076,1909f56bfc062723c751e8b465ee728b)
Start importing Assets/Textures/Materials using Guid(3f7d797eafdf98f44876f747bee424e5) Importer(815301076,1909f56bfc062723c751e8b465ee728b)  -> (artifact id: 'e1d3dbd4091fe921ea8baa2927bb73d4') in 0.003723 seconds 
========================================================================
Received Import Request.
  Time since last request: 0.022654 seconds.
  path: Assets/Textures/Materials/Concrete.mat
  artifactKey: Guid(9f5cf2b7046f9514db71b2e8cf6f6bb5) Importer(815301076,1909f56bfc062723c751e8b465ee728b)
Start importing Assets/Textures/Materials/Concrete.mat using Guid(9f5cf2b7046f9514db71b2e8cf6f6bb5) Importer(815301076,1909f56bfc062723c751e8b465ee728b)  -> (artifact id: '870b48203c3a05c2fcbe744764866e57') in 0.028227 seconds 
========================================================================
Received Import Request.
  Time since last request: 0.000040 seconds.
  path: Assets/Textures/Materials/Road.mat
  artifactKey: Guid(c4239f0280be23945be13f10703e9295) Importer(815301076,1909f56bfc062723c751e8b465ee728b)
Start importing Assets/Textures/Materials/Road.mat using Guid(c4239f0280be23945be13f10703e9295) Importer(815301076,1909f56bfc062723c751e8b465ee728b)  -> (artifact id: '9cf407c3be96748c4abd44420cc5b920') in 0.033707 seconds 
Editor requested this worker to shutdown with reason: Scaling down because of idle timeout
AssetImportWorker is now disconnected from the server
Process exiting
Exiting without the bug reporter. Application will terminate with return code 0